#
# There is insufficient memory for the Java Runtime Environment to continue.
# Native memory allocation (malloc) failed to allocate 1135136 bytes for Chunk::new
# Possible reasons:
#   The system is out of physical RAM or swap space
#   In 32 bit mode, the process size limit was hit
# Possible solutions:
#   Reduce memory load on the system
#   Increase physical memory or swap space
#   Check if swap backing store is full
#   Use 64 bit Java on a 64 bit OS
#   Decrease Java heap size (-Xmx/-Xms)
#   Decrease number of Java threads
#   Decrease Java thread stack sizes (-Xss)
#   Set larger code cache with -XX:ReservedCodeCacheSize=
# This output file may be truncated or incomplete.
#
#  Out of Memory Error (allocation.cpp:323), pid=3400, tid=672
#
# JRE version: Java(TM) SE Runtime Environment (7.0_80-b15) (build 1.7.0_80-b15)
# Java VM: Java HotSpot(TM) 64-Bit Server VM (24.80-b11 mixed mode windows-amd64 compressed oops)
# Failed to write core dump. Minidumps are not enabled by default on client versions of Windows
#

---------------  T H R E A D  ---------------

Current thread (0x000000000856b800):  JavaThread "C2 CompilerThread1" daemon [_thread_in_native, id=672, stack(0x000000000a2e0000,0x000000000a3e0000)]

Stack: [0x000000000a2e0000,0x000000000a3e0000]
[error occurred during error reporting (printing stack bounds), id 0xc0000005]


Current CompileTask:
C2:   3946  495   !         com.android.dx.cf.code.Ropper::processBlock (1101 bytes)


---------------  P R O C E S S  ---------------

Java Threads: ( => current thread )
  0x0000000009fb5800 JavaThread "pool-1-thread-4" [_thread_blocked, id=10392, stack(0x000000000a920000,0x000000000aa20000)]
  0x0000000009fb5000 JavaThread "pool-1-thread-3" [_thread_blocked, id=5460, stack(0x000000000ad90000,0x000000000ae90000)]
  0x0000000009fa8800 JavaThread "pool-1-thread-2" [_thread_blocked, id=9440, stack(0x000000000abb0000,0x000000000acb0000)]
  0x0000000009f69000 JavaThread "pool-2-thread-1" [_thread_blocked, id=7328, stack(0x000000000aa30000,0x000000000ab30000)]
  0x0000000009fd7800 JavaThread "pool-1-thread-1" [_thread_blocked, id=7920, stack(0x000000000a770000,0x000000000a870000)]
  0x000000000856c800 JavaThread "Service Thread" daemon [_thread_blocked, id=2752, stack(0x000000000a440000,0x000000000a540000)]
=>0x000000000856b800 JavaThread "C2 CompilerThread1" daemon [_thread_in_native, id=672, stack(0x000000000a2e0000,0x000000000a3e0000)]
  0x000000000854d000 JavaThread "C2 CompilerThread0" daemon [_thread_in_native, id=10072, stack(0x0000000009c90000,0x0000000009d90000)]
  0x000000000854c000 JavaThread "Attach Listener" daemon [_thread_blocked, id=6544, stack(0x0000000009830000,0x0000000009930000)]
  0x0000000008568000 JavaThread "Signal Dispatcher" daemon [_thread_blocked, id=6700, stack(0x0000000009b20000,0x0000000009c20000)]
  0x00000000084ef000 JavaThread "Finalizer" daemon [_thread_blocked, id=8216, stack(0x0000000009960000,0x0000000009a60000)]
  0x00000000084ed800 JavaThread "Reference Handler" daemon [_thread_blocked, id=8592, stack(0x0000000009730000,0x0000000009830000)]
  0x00000000001ae800 JavaThread "main" [_thread_blocked, id=10612, stack(0x0000000002290000,0x0000000002390000)]

Other Threads:
  0x00000000084ea000 VMThread [stack: 0x0000000009550000,0x0000000009650000] [id=8264]
  0x0000000009da1000 WatcherThread [stack: 0x000000000a1d0000,0x000000000a2d0000] [id=5228]

VM state:not at safepoint (normal execution)

VM Mutex/Monitor currently owned by a thread: None

Heap
 PSYoungGen      total 71680K, used 40288K [0x00000000eaa80000, 0x00000000ef580000, 0x0000000100000000)
  eden space 66560K, 52% used [0x00000000eaa80000,0x00000000eccdc260,0x00000000eeb80000)
  from space 5120K, 99% used [0x00000000ef080000,0x00000000ef57c0f8,0x00000000ef580000)
  to   space 5120K, 0% used [0x00000000eeb80000,0x00000000eeb80000,0x00000000ef080000)
 ParOldGen       total 86016K, used 3770K [0x00000000c0000000, 0x00000000c5400000, 0x00000000eaa80000)
  object space 86016K, 4% used [0x00000000c0000000,0x00000000c03ae800,0x00000000c5400000)
 PSPermGen       total 21504K, used 5976K [0x00000000bae00000, 0x00000000bc300000, 0x00000000c0000000)
  object space 21504K, 27% used [0x00000000bae00000,0x00000000bb3d6030,0x00000000bc300000)

Card table byte_map: [0x0000000005390000,0x00000000055c0000] byte_map_base: 0x0000000004db9000

Polling page: 0x00000000001c0000

Code Cache  [0x0000000002390000, 0x0000000002600000, 0x0000000005390000)
 total_blobs=748 nmethods=509 adapters=191 free_code_cache=46948Kb largest_free_block=48031808

Compilation events (10 events):
Event: 3.766 Thread 0x000000000856b800  492             com.android.dx.cf.code.ConcreteMethod::getCatches (8 bytes)
Event: 3.766 Thread 0x000000000854d000  493             com.android.dx.cf.attrib.AttCode::getCatches (5 bytes)
Event: 3.767 Thread 0x000000000854d000 nmethod 493 0x00000000024d7c10 code [0x00000000024d7d40, 0x00000000024d7d98]
Event: 3.767 Thread 0x000000000854d000  494 %           com.android.dx.ssa.SsaBasicBlock::newFromRop @ 58 (183 bytes)
Event: 3.767 Thread 0x000000000856b800 nmethod 492 0x00000000024d79d0 code [0x00000000024d7b00, 0x00000000024d7b78]
Event: 3.773 Thread 0x000000000854d000 nmethod 494% 0x00000000025ab050 code [0x00000000025ab220, 0x00000000025aba10]
Event: 3.794 Thread 0x000000000856b800  495   !         com.android.dx.cf.code.Ropper::processBlock (1101 bytes)
Event: 3.794 Thread 0x000000000854d000  496             com.android.dx.ssa.SsaBasicBlock::newFromRop (183 bytes)
Event: 3.810 Thread 0x000000000854d000 nmethod 496 0x00000000025b7ad0 code [0x00000000025b7d40, 0x00000000025b8c70]
Event: 3.810 Thread 0x000000000854d000  497             com.android.dx.rop.cst.CstString::hashCode (8 bytes)

GC Heap History (4 events):
Event: 1.000 GC heap before
{Heap before GC invocations=1 (full 0):
 PSYoungGen      total 38400K, used 33280K [0x00000000eaa80000, 0x00000000ed500000, 0x0000000100000000)
  eden space 33280K, 100% used [0x00000000eaa80000,0x00000000ecb00000,0x00000000ecb00000)
  from space 5120K, 0% used [0x00000000ed000000,0x00000000ed000000,0x00000000ed500000)
  to   space 5120K, 0% used [0x00000000ecb00000,0x00000000ecb00000,0x00000000ed000000)
 ParOldGen       total 86016K, used 0K [0x00000000c0000000, 0x00000000c5400000, 0x00000000eaa80000)
  object space 86016K, 0% used [0x00000000c0000000,0x00000000c0000000,0x00000000c5400000)
 PSPermGen       total 21504K, used 5810K [0x00000000bae00000, 0x00000000bc300000, 0x00000000c0000000)
  object space 21504K, 27% used [0x00000000bae00000,0x00000000bb3ac928,0x00000000bc300000)
Event: 1.071 GC heap after
Heap after GC invocations=1 (full 0):
 PSYoungGen      total 38400K, used 5107K [0x00000000eaa80000, 0x00000000ef580000, 0x0000000100000000)
  eden space 33280K, 0% used [0x00000000eaa80000,0x00000000eaa80000,0x00000000ecb00000)
  from space 5120K, 99% used [0x00000000ecb00000,0x00000000ecffcef8,0x00000000ed000000)
  to   space 5120K, 0% used [0x00000000ef080000,0x00000000ef080000,0x00000000ef580000)
 ParOldGen       total 86016K, used 784K [0x00000000c0000000, 0x00000000c5400000, 0x00000000eaa80000)
  object space 86016K, 0% used [0x00000000c0000000,0x00000000c00c42f0,0x00000000c5400000)
 PSPermGen       total 21504K, used 5810K [0x00000000bae00000, 0x00000000bc300000, 0x00000000c0000000)
  object space 21504K, 27% used [0x00000000bae00000,0x00000000bb3ac928,0x00000000bc300000)
}
Event: 1.929 GC heap before
{Heap before GC invocations=2 (full 0):
 PSYoungGen      total 38400K, used 38387K [0x00000000eaa80000, 0x00000000ef580000, 0x0000000100000000)
  eden space 33280K, 100% used [0x00000000eaa80000,0x00000000ecb00000,0x00000000ecb00000)
  from space 5120K, 99% used [0x00000000ecb00000,0x00000000ecffcef8,0x00000000ed000000)
  to   space 5120K, 0% used [0x00000000ef080000,0x00000000ef080000,0x00000000ef580000)
 ParOldGen       total 86016K, used 784K [0x00000000c0000000, 0x00000000c5400000, 0x00000000eaa80000)
  object space 86016K, 0% used [0x00000000c0000000,0x00000000c00c42f0,0x00000000c5400000)
 PSPermGen       total 21504K, used 5935K [0x00000000bae00000, 0x00000000bc300000, 0x00000000c0000000)
  object space 21504K, 27% used [0x00000000bae00000,0x00000000bb3cbf90,0x00000000bc300000)
Event: 2.210 GC heap after
Heap after GC invocations=2 (full 0):
 PSYoungGen      total 71680K, used 5104K [0x00000000eaa80000, 0x00000000ef580000, 0x0000000100000000)
  eden space 66560K, 0% used [0x00000000eaa80000,0x00000000eaa80000,0x00000000eeb80000)
  from space 5120K, 99% used [0x00000000ef080000,0x00000000ef57c0f8,0x00000000ef580000)
  to   space 5120K, 0% used [0x00000000eeb80000,0x00000000eeb80000,0x00000000ef080000)
 ParOldGen       total 86016K, used 3770K [0x00000000c0000000, 0x00000000c5400000, 0x00000000eaa80000)
  object space 86016K, 4% used [0x00000000c0000000,0x00000000c03ae800,0x00000000c5400000)
 PSPermGen       total 21504K, used 5935K [0x00000000bae00000, 0x00000000bc300000, 0x00000000c0000000)
  object space 21504K, 27% used [0x00000000bae00000,0x00000000bb3cbf90,0x00000000bc300000)
}

Deoptimization events (10 events):
Event: 3.108 Thread 0x0000000009fa8800 Uncommon trap: reason=unstable_if action=reinterpret pc=0x00000000023f6834 method=java.util.regex.Matcher.search(I)Z @ 30
Event: 3.177 Thread 0x0000000009fa8800 Uncommon trap: reason=unstable_if action=reinterpret pc=0x00000000024c6298 method=com.android.dx.cf.code.BytecodeArray.parseInstruction(ILcom/android/dx/cf/code/BytecodeArray$Visitor;)I @ 1198
Event: 3.396 Thread 0x0000000009fa8800 Uncommon trap: reason=unstable_if action=reinterpret pc=0x00000000025305a4 method=com.android.dx.cf.code.Ropper.isSynchronized()Z @ 12
Event: 3.397 Thread 0x0000000009fa8800 Uncommon trap: reason=unstable_if action=reinterpret pc=0x000000000256fb78 method=com.android.dx.cf.code.Ropper.isSynchronized()Z @ 12
Event: 3.397 Thread 0x0000000009fa8800 Uncommon trap: reason=unstable_if action=reinterpret pc=0x0000000002456c6c method=com.android.dx.util.IntList.binarysearch(I)I @ 105
Event: 3.397 Thread 0x0000000009fa8800 Uncommon trap: reason=unstable_if action=reinterpret pc=0x0000000002489728 method=com.android.dx.ssa.SsaBasicBlock.newFromRop(Lcom/android/dx/rop/code/RopMethod;ILcom/android/dx/ssa/SsaMethod;)Lcom/android/dx/ssa/SsaBasicBlock; @ 164
Event: 3.397 Thread 0x0000000009fa8800 Uncommon trap: reason=unstable_if action=reinterpret pc=0x000000000253b590 method=com.android.dx.ssa.SsaMethod.blockIndexToRopLabel(I)I @ 1
Event: 3.535 Thread 0x00000000001ae800 Uncommon trap: reason=unloaded action=reinterpret pc=0x00000000025857b8 method=com.android.dx.cf.cst.ConstantPoolParser.parse0(ILjava/util/BitSet;)Lcom/android/dx/rop/cst/Constant; @ 176
Event: 3.657 Thread 0x00000000001ae800 Uncommon trap: reason=null_check action=make_not_entrant pc=0x0000000002594c2c method=com.android.dx.rop.type.Type.putIntern(Lcom/android/dx/rop/type/Type;)Lcom/android/dx/rop/type/Type; @ 18
Event: 3.797 Thread 0x0000000009fa8800 Uncommon trap: reason=null_check action=make_not_entrant pc=0x00000000025b5a14 method=com.android.dx.dex.file.MethodIdsSection.intern(Lcom/android/dx/rop/cst/CstBaseMethodRef;)Lcom/android/dx/dex/file/MethodIdItem; @ 26

Internal exceptions (10 events):
Event: 0.643 Thread 0x00000000001ae800 Implicit null exception at 0x000000000240d962 to 0x000000000240db75
Event: 0.782 Thread 0x0000000009fb5000 Threw 0x00000000ec790c48 at C:\re\jdk7u80\2329\hotspot\src\share\vm\prims\jvm.cpp:1319
Event: 1.089 Thread 0x0000000009fb5000 Threw 0x00000000ead29588 at C:\re\jdk7u80\2329\hotspot\src\share\vm\prims\jvm.cpp:1319
Event: 1.165 Thread 0x00000000001ae800 Threw 0x00000000eb33d028 at C:\re\jdk7u80\2329\hotspot\src\share\vm\prims\jvm.cpp:1319
Event: 1.166 Thread 0x00000000001ae800 Threw 0x00000000eb346ec8 at C:\re\jdk7u80\2329\hotspot\src\share\vm\prims\jvm.cpp:1319
Event: 1.166 Thread 0x00000000001ae800 Threw 0x00000000eb349210 at C:\re\jdk7u80\2329\hotspot\src\share\vm\prims\jvm.cpp:1319
Event: 1.766 Thread 0x00000000001ae800 Implicit null exception at 0x0000000002497554 to 0x000000000249932d
Event: 3.394 Thread 0x0000000009fa8800 Threw 0x00000000ebc2e468 at C:\re\jdk7u80\2329\hotspot\src\share\vm\prims\jvm.cpp:1319
Event: 3.657 Thread 0x00000000001ae800 Implicit null exception at 0x0000000002594583 to 0x0000000002594c1d
Event: 3.797 Thread 0x0000000009fa8800 Implicit null exception at 0x00000000025b4eb0 to 0x00000000025b5a05

Events (10 events):
Event: 3.397 Thread 0x0000000009fa8800 DEOPT UNPACKING pc=0x00000000023c75a4 sp=0x000000000acaeb00 mode 2
Event: 3.535 Thread 0x00000000001ae800 Uncommon trap: trap_request=0x000000cd fr.pc=0x00000000025857b8
Event: 3.535 Thread 0x00000000001ae800 DEOPT PACKING pc=0x00000000025857b8 sp=0x000000000238ed30
Event: 3.535 Thread 0x00000000001ae800 DEOPT UNPACKING pc=0x00000000023c75a4 sp=0x000000000238ecf0 mode 2
Event: 3.657 Thread 0x00000000001ae800 Uncommon trap: trap_request=0xfffffff4 fr.pc=0x0000000002594c2c
Event: 3.657 Thread 0x00000000001ae800 DEOPT PACKING pc=0x0000000002594c2c sp=0x000000000238ec60
Event: 3.657 Thread 0x00000000001ae800 DEOPT UNPACKING pc=0x00000000023c75a4 sp=0x000000000238eb80 mode 2
Event: 3.797 Thread 0x0000000009fa8800 Uncommon trap: trap_request=0xfffffff4 fr.pc=0x00000000025b5a14
Event: 3.797 Thread 0x0000000009fa8800 DEOPT PACKING pc=0x00000000025b5a14 sp=0x000000000acaf010
Event: 3.797 Thread 0x0000000009fa8800 DEOPT UNPACKING pc=0x00000000023c75a4 sp=0x000000000acaef68 mode 2


Dynamic libraries:
0x000000013f390000 - 0x000000013f3c3000 	D:\Java\jdk1.7.0_80\bin\java.exe
0x0000000077560000 - 0x0000000077709000 	C:\windows\SYSTEM32\ntdll.dll
0x0000000077440000 - 0x0000000077560000 	C:\windows\system32\kernel32.dll
0x000007fefd530000 - 0x000007fefd59c000 	C:\windows\system32\KERNELBASE.dll
0x000007feff790000 - 0x000007feff86b000 	C:\windows\system32\ADVAPI32.dll
0x000007fefdf20000 - 0x000007fefdfbf000 	C:\windows\system32\msvcrt.dll
0x000007fefde80000 - 0x000007fefde9f000 	C:\windows\SYSTEM32\sechost.dll
0x000007fefdc70000 - 0x000007fefdd9d000 	C:\windows\system32\RPCRT4.dll
0x0000000077340000 - 0x000000007743a000 	C:\windows\system32\USER32.dll
0x000007feff720000 - 0x000007feff787000 	C:\windows\system32\GDI32.dll
0x000007fefdfc0000 - 0x000007fefdfce000 	C:\windows\system32\LPK.dll
0x000007feff3d0000 - 0x000007feff49a000 	C:\windows\system32\USP10.dll
0x000007fefbf00000 - 0x000007fefc0f4000 	C:\windows\WinSxS\amd64_microsoft.windows.common-controls_6595b64144ccf1df_6.0.7601.18837_none_fa3b1e3d17594757\COMCTL32.dll
0x000007feff1c0000 - 0x000007feff231000 	C:\windows\system32\SHLWAPI.dll
0x000007fefdea0000 - 0x000007fefdece000 	C:\windows\system32\IMM32.DLL
0x000007fefd870000 - 0x000007fefd979000 	C:\windows\system32\MSCTF.dll
0x0000000068740000 - 0x0000000068812000 	D:\Java\jdk1.7.0_80\jre\bin\msvcr100.dll
0x00000000547e0000 - 0x0000000054fb9000 	D:\Java\jdk1.7.0_80\jre\bin\server\jvm.dll
0x000007fefbc60000 - 0x000007fefbc69000 	C:\windows\system32\WSOCK32.dll
0x000007fefded0000 - 0x000007fefdf1d000 	C:\windows\system32\WS2_32.dll
0x000007fefdc60000 - 0x000007fefdc68000 	C:\windows\system32\NSI.dll
0x000007fefb220000 - 0x000007fefb25b000 	C:\windows\system32\WINMM.dll
0x0000000077730000 - 0x0000000077737000 	C:\windows\system32\PSAPI.DLL
0x00000000736b0000 - 0x00000000736bf000 	D:\Java\jdk1.7.0_80\jre\bin\verify.dll
0x00000000731d0000 - 0x00000000731f8000 	D:\Java\jdk1.7.0_80\jre\bin\java.dll
0x00000000731b0000 - 0x00000000731c6000 	D:\Java\jdk1.7.0_80\jre\bin\zip.dll
0x000000006eb20000 - 0x000000006eb3a000 	D:\Java\jdk1.7.0_80\jre\bin\net.dll
0x000007fefcc90000 - 0x000007fefcce5000 	C:\windows\system32\mswsock.dll
0x000007fefcc80000 - 0x000007fefcc87000 	C:\windows\System32\wship6.dll
0x000000006eb00000 - 0x000000006eb11000 	D:\Java\jdk1.7.0_80\jre\bin\nio.dll

VM Arguments:
jvm_args: -Djava.awt.headless=true -Xmx1024M -Dfile.encoding=GBK -Duser.country=CN -Duser.language=zh -Duser.variant 
java_command: com.android.dx.command.Main --dex --num-threads=4 --output F:\Confress\LoveWall\app\build\intermediates\pre-dexed\debug\bmob-sdk-3.4.5_a83ad086dfabca8e70a82b4d9af5a85e3db89746.jar C:\Users\admin\.gradle\caches\modules-2\files-2.1\cn.bmob.android\bmob-sdk\3.4.5\44e559d18fd5a4826b0a4c0354308213e4f658a2\bmob-sdk-3.4.5.jar
Launcher Type: SUN_STANDARD

Environment Variables:
PATH=C:\windows\system32;C:\windows;C:\windows\System32\Wbem;C:\windows\System32\WindowsPowerShell\v1.0\;C:\Program Files (x86)\Common Files\microsoft shared\TigerKin;C:\Program Files (x86)\Microsoft SQL Server\100\Tools\Binn\;C:\Program Files\Microsoft SQL Server\100\Tools\Binn\;C:\Program Files\Microsoft SQL Server\100\DTS\Binn\;C:\Program Files (x86)\Microsoft SQL Server\100\Tools\Binn\VSShell\Common7\IDE\;C:\Program Files (x86)\Microsoft Visual Studio 9.0\Common7\IDE\PrivateAssemblies\;C:\Program Files (x86)\Microsoft SQL Server\100\DTS\Binn\;E:\adt-bundle-windows-x86_64-20140702\sdk\tools;E:\adt-bundle-windows-x86_64-20140702\sdk\platform-tools;C:\Users\admin\AppData\Local\atom\bin
USERNAME=admin
OS=Windows_NT
PROCESSOR_IDENTIFIER=Intel64 Family 6 Model 60 Stepping 3, GenuineIntel



---------------  S Y S T E M  ---------------

OS: Windows 7 , 64 bit Build 7601 Service Pack 1

CPU:total 4 (4 cores per cpu, 1 threads per core) family 6 model 60 stepping 3, cmov, cx8, fxsr, mmx, sse, sse2, sse3, ssse3, sse4.1, sse4.2, popcnt, avx, avx2, aes, erms, tsc, tscinvbit

Memory: 4k page, physical 8286356k(803304k free), swap 10381672k(288116k free)

vm_info: Java HotSpot(TM) 64-Bit Server VM (24.80-b11) for windows-amd64 JRE (1.7.0_80-b15), built on Apr 10 2015 11:26:34 by "java_re" with unknown MS VC++:1600

time: Mon Mar 07 14:02:53 2016
elapsed time: 3 seconds

