#
# There is insufficient memory for the Java Runtime Environment to continue.
# Native memory allocation (malloc) failed to allocate 288016 bytes for Chunk::new
# Possible reasons:
#   The system is out of physical RAM or swap space
#   In 32 bit mode, the process size limit was hit
# Possible solutions:
#   Reduce memory load on the system
#   Increase physical memory or swap space
#   Check if swap backing store is full
#   Use 64 bit Java on a 64 bit OS
#   Decrease Java heap size (-Xmx/-Xms)
#   Decrease number of Java threads
#   Decrease Java thread stack sizes (-Xss)
#   Set larger code cache with -XX:ReservedCodeCacheSize=
# This output file may be truncated or incomplete.
#
#  Out of Memory Error (allocation.cpp:323), pid=10028, tid=6592
#
# JRE version: Java(TM) SE Runtime Environment (7.0_80-b15) (build 1.7.0_80-b15)
# Java VM: Java HotSpot(TM) 64-Bit Server VM (24.80-b11 mixed mode windows-amd64 compressed oops)
# Failed to write core dump. Minidumps are not enabled by default on client versions of Windows
#

---------------  T H R E A D  ---------------

Current thread (0x0000000009c30800):  JavaThread "C2 CompilerThread1" daemon [_thread_in_native, id=6592, stack(0x00000000098f0000,0x00000000099f0000)]

Stack: [0x00000000098f0000,0x00000000099f0000]
[error occurred during error reporting (printing stack bounds), id 0xc0000005]


[error occurred during error reporting (printing native stack), id 0xc0000005]


Current CompileTask:
C2:   2413  255             com.android.dx.ssa.SsaRenamer$BlockRenamer::process (191 bytes)


---------------  P R O C E S S  ---------------

Java Threads: ( => current thread )
  0x0000000009efa800 JavaThread "pool-1-thread-4" [_thread_in_Java, id=5932, stack(0x000000000a690000,0x000000000a790000)]
  0x0000000009ef8800 JavaThread "pool-1-thread-3" [_thread_blocked, id=5896, stack(0x000000000aa10000,0x000000000ab10000)]
  0x0000000009ef4000 JavaThread "pool-1-thread-2" [_thread_blocked, id=11772, stack(0x000000000a900000,0x000000000aa00000)]
  0x0000000009cf6800 JavaThread "pool-2-thread-1" [_thread_blocked, id=6560, stack(0x000000000a7b0000,0x000000000a8b0000)]
  0x0000000009d89800 JavaThread "pool-1-thread-1" [_thread_blocked, id=8748, stack(0x000000000a570000,0x000000000a670000)]
  0x0000000009c31000 JavaThread "Service Thread" daemon [_thread_blocked, id=12272, stack(0x000000000a1d0000,0x000000000a2d0000)]
=>0x0000000009c30800 JavaThread "C2 CompilerThread1" daemon [_thread_in_native, id=6592, stack(0x00000000098f0000,0x00000000099f0000)]
  0x00000000084bd000 JavaThread "C2 CompilerThread0" daemon [_thread_in_native, id=5968, stack(0x0000000009b30000,0x0000000009c30000)]
  0x00000000084bc000 JavaThread "Attach Listener" daemon [_thread_blocked, id=11988, stack(0x00000000099f0000,0x0000000009af0000)]
  0x00000000084d8000 JavaThread "Signal Dispatcher" daemon [_thread_blocked, id=7132, stack(0x0000000009770000,0x0000000009870000)]
  0x000000000845f000 JavaThread "Finalizer" daemon [_thread_blocked, id=3384, stack(0x0000000009460000,0x0000000009560000)]
  0x000000000845d800 JavaThread "Reference Handler" daemon [_thread_blocked, id=6504, stack(0x00000000095e0000,0x00000000096e0000)]
  0x000000000216e800 JavaThread "main" [_thread_blocked, id=10684, stack(0x0000000002490000,0x0000000002590000)]

Other Threads:
  0x000000000845a000 VMThread [stack: 0x0000000009350000,0x0000000009450000] [id=8596]
  0x0000000009c4c800 WatcherThread [stack: 0x000000000a0c0000,0x000000000a1c0000] [id=6200]

VM state:not at safepoint (normal execution)

VM Mutex/Monitor currently owned by a thread: None

Heap
 PSYoungGen      total 38400K, used 15617K [0x00000000eaa80000, 0x00000000ef580000, 0x0000000100000000)
  eden space 33280K, 31% used [0x00000000eaa80000,0x00000000eb4c25b8,0x00000000ecb00000)
  from space 5120K, 99% used [0x00000000ecb00000,0x00000000ecffe0a8,0x00000000ed000000)
  to   space 5120K, 0% used [0x00000000ef080000,0x00000000ef080000,0x00000000ef580000)
 ParOldGen       total 86016K, used 529K [0x00000000c0000000, 0x00000000c5400000, 0x00000000eaa80000)
  object space 86016K, 0% used [0x00000000c0000000,0x00000000c00847e8,0x00000000c5400000)
 PSPermGen       total 21504K, used 5862K [0x00000000bae00000, 0x00000000bc300000, 0x00000000c0000000)
  object space 21504K, 27% used [0x00000000bae00000,0x00000000bb3b9b10,0x00000000bc300000)

Card table byte_map: [0x0000000005590000,0x00000000057c0000] byte_map_base: 0x0000000004fb9000

Polling page: 0x0000000000210000

Code Cache  [0x0000000002590000, 0x0000000002800000, 0x0000000005590000)
 total_blobs=506 nmethods=267 adapters=191 free_code_cache=48172Kb largest_free_block=49303040

Compilation events (10 events):
Event: 2.352 Thread 0x00000000084bd000 nmethod 250 0x000000000267ba50 code [0x000000000267bba0, 0x000000000267be38]
Event: 2.352 Thread 0x0000000009c30800 nmethod 251 0x0000000002676290 code [0x00000000026763c0, 0x0000000002676418]
Event: 2.353 Thread 0x00000000084bd000  252             java.lang.AbstractStringBuilder::ensureCapacityInternal (16 bytes)
Event: 2.354 Thread 0x0000000009c30800  253             com.android.dx.ssa.back.SsaToRop::convertInsns (53 bytes)
Event: 2.355 Thread 0x00000000084bd000 nmethod 252 0x0000000002668210 code [0x0000000002668360, 0x00000000026685d8]
Event: 2.357 Thread 0x0000000009c30800 nmethod 253 0x0000000002677010 code [0x0000000002677180, 0x0000000002677558]
Event: 2.358 Thread 0x00000000084bd000  254             com.android.dx.rop.code.RegisterSpecSet::equals (106 bytes)
Event: 2.361 Thread 0x0000000009c30800  255             com.android.dx.ssa.SsaRenamer$BlockRenamer::process (191 bytes)
Event: 2.362 Thread 0x00000000084bd000 nmethod 254 0x000000000267b290 code [0x000000000267b3e0, 0x000000000267b818]
Event: 2.362 Thread 0x00000000084bd000  256             com.android.dx.ssa.SCCP::simulateStmt (481 bytes)

GC Heap History (2 events):
Event: 1.999 GC heap before
{Heap before GC invocations=1 (full 0):
 PSYoungGen      total 38400K, used 33280K [0x00000000eaa80000, 0x00000000ed500000, 0x0000000100000000)
  eden space 33280K, 100% used [0x00000000eaa80000,0x00000000ecb00000,0x00000000ecb00000)
  from space 5120K, 0% used [0x00000000ed000000,0x00000000ed000000,0x00000000ed500000)
  to   space 5120K, 0% used [0x00000000ecb00000,0x00000000ecb00000,0x00000000ed000000)
 ParOldGen       total 86016K, used 0K [0x00000000c0000000, 0x00000000c5400000, 0x00000000eaa80000)
  object space 86016K, 0% used [0x00000000c0000000,0x00000000c0000000,0x00000000c5400000)
 PSPermGen       total 21504K, used 5808K [0x00000000bae00000, 0x00000000bc300000, 0x00000000c0000000)
  object space 21504K, 27% used [0x00000000bae00000,0x00000000bb3ac148,0x00000000bc300000)
Event: 2.186 GC heap after
Heap after GC invocations=1 (full 0):
 PSYoungGen      total 38400K, used 5112K [0x00000000eaa80000, 0x00000000ef580000, 0x0000000100000000)
  eden space 33280K, 0% used [0x00000000eaa80000,0x00000000eaa80000,0x00000000ecb00000)
  from space 5120K, 99% used [0x00000000ecb00000,0x00000000ecffe0a8,0x00000000ed000000)
  to   space 5120K, 0% used [0x00000000ef080000,0x00000000ef080000,0x00000000ef580000)
 ParOldGen       total 86016K, used 529K [0x00000000c0000000, 0x00000000c5400000, 0x00000000eaa80000)
  object space 86016K, 0% used [0x00000000c0000000,0x00000000c00847e8,0x00000000c5400000)
 PSPermGen       total 21504K, used 5808K [0x00000000bae00000, 0x00000000bc300000, 0x00000000c0000000)
  object space 21504K, 27% used [0x00000000bae00000,0x00000000bb3ac148,0x00000000bc300000)
}

Deoptimization events (7 events):
Event: 0.311 Thread 0x000000000216e800 Uncommon trap: reason=unstable_if action=reinterpret pc=0x00000000025f1104 method=java.lang.String.indexOf(II)I @ 49
Event: 0.427 Thread 0x000000000216e800 Uncommon trap: reason=unstable_if action=reinterpret pc=0x00000000025f4504 method=java.lang.String.compareTo(Ljava/lang/String;)I @ 38
Event: 0.814 Thread 0x0000000009efa800 Uncommon trap: reason=null_check action=make_not_entrant pc=0x00000000026107c0 method=com.android.dx.rop.code.LocalItem.equals(Ljava/lang/Object;)Z @ 1
Event: 1.393 Thread 0x0000000009efa800 Uncommon trap: reason=unstable_if action=reinterpret pc=0x000000000261ac44 method=com.android.dx.rop.cst.Constant.compareTo(Lcom/android/dx/rop/cst/Constant;)I @ 12
Event: 1.527 Thread 0x0000000009d89800 Uncommon trap: reason=null_check action=make_not_entrant pc=0x000000000262c494 method=com.android.dx.rop.type.Type.equals(Ljava/lang/Object;)Z @ 8
Event: 2.341 Thread 0x0000000009d89800 Uncommon trap: reason=null_check action=make_not_entrant pc=0x0000000002655244 method=com.android.dx.ssa.SsaRenamer.getLocalForNewReg(I)Lcom/android/dx/rop/code/LocalItem; @ 19
Event: 2.348 Thread 0x0000000009d89800 Uncommon trap: reason=unstable_if action=reinterpret pc=0x0000000002678310 method=com.android.dx.util.LabeledList.set(ILcom/android/dx/util/LabeledItem;)V @ 16

Internal exceptions (10 events):
Event: 0.657 Thread 0x0000000009efa800 Threw 0x00000000eb52a630 at C:\re\jdk7u80\2329\hotspot\src\share\vm\prims\jvm.cpp:1319
Event: 0.661 Thread 0x0000000009efa800 Threw 0x00000000eb539c80 at C:\re\jdk7u80\2329\hotspot\src\share\vm\prims\jvm.cpp:1319
Event: 0.707 Thread 0x000000000216e800 Threw 0x00000000eb9b3d40 at C:\re\jdk7u80\2329\hotspot\src\share\vm\prims\jvm.cpp:1319
Event: 0.709 Thread 0x000000000216e800 Threw 0x00000000eb9c79b8 at C:\re\jdk7u80\2329\hotspot\src\share\vm\prims\jvm.cpp:1319
Event: 0.710 Thread 0x000000000216e800 Threw 0x00000000eb9d5c28 at C:\re\jdk7u80\2329\hotspot\src\share\vm\prims\jvm.cpp:1319
Event: 0.742 Thread 0x0000000009ef8800 Threw 0x00000000eb95c290 at C:\re\jdk7u80\2329\hotspot\src\share\vm\prims\jvm.cpp:1319
Event: 0.759 Thread 0x0000000009ef4000 Threw 0x00000000ebcbda98 at C:\re\jdk7u80\2329\hotspot\src\share\vm\prims\jvm.cpp:1319
Event: 0.814 Thread 0x0000000009efa800 Implicit null exception at 0x0000000002610573 to 0x0000000002610799
Event: 1.527 Thread 0x0000000009d89800 Implicit null exception at 0x000000000262c392 to 0x000000000262c485
Event: 2.341 Thread 0x0000000009d89800 Implicit null exception at 0x0000000002653e95 to 0x0000000002655219

Events (10 events):
Event: 1.527 Thread 0x0000000009d89800 DEOPT PACKING pc=0x000000000262c494 sp=0x000000000a66e750
Event: 1.527 Thread 0x0000000009d89800 DEOPT UNPACKING pc=0x00000000025c75a4 sp=0x000000000a66e6e8 mode 2
Event: 1.999 Executing VM operation: ParallelGCFailedAllocation
Event: 2.186 Executing VM operation: ParallelGCFailedAllocation done
Event: 2.341 Thread 0x0000000009d89800 Uncommon trap: trap_request=0xfffffff4 fr.pc=0x0000000002655244
Event: 2.341 Thread 0x0000000009d89800 DEOPT PACKING pc=0x0000000002655244 sp=0x000000000a66e8e0
Event: 2.341 Thread 0x0000000009d89800 DEOPT UNPACKING pc=0x00000000025c75a4 sp=0x000000000a66e678 mode 2
Event: 2.348 Thread 0x0000000009d89800 Uncommon trap: trap_request=0xffffff75 fr.pc=0x0000000002678310
Event: 2.348 Thread 0x0000000009d89800 DEOPT PACKING pc=0x0000000002678310 sp=0x000000000a66e9f0
Event: 2.348 Thread 0x0000000009d89800 DEOPT UNPACKING pc=0x00000000025c75a4 sp=0x000000000a66e8a8 mode 2


Dynamic libraries:
0x000000013f390000 - 0x000000013f3c3000 	D:\Java\jdk1.7.0_80\bin\java.exe
0x0000000077560000 - 0x0000000077709000 	C:\windows\SYSTEM32\ntdll.dll
0x0000000077440000 - 0x0000000077560000 	C:\windows\system32\kernel32.dll
0x000007fefd530000 - 0x000007fefd59c000 	C:\windows\system32\KERNELBASE.dll
0x000007feff790000 - 0x000007feff86b000 	C:\windows\system32\ADVAPI32.dll
0x000007fefdf20000 - 0x000007fefdfbf000 	C:\windows\system32\msvcrt.dll
0x000007fefde80000 - 0x000007fefde9f000 	C:\windows\SYSTEM32\sechost.dll
0x000007fefdc70000 - 0x000007fefdd9d000 	C:\windows\system32\RPCRT4.dll
0x0000000077340000 - 0x000000007743a000 	C:\windows\system32\USER32.dll
0x000007feff720000 - 0x000007feff787000 	C:\windows\system32\GDI32.dll
0x000007fefdfc0000 - 0x000007fefdfce000 	C:\windows\system32\LPK.dll
0x000007feff3d0000 - 0x000007feff49a000 	C:\windows\system32\USP10.dll
0x000007fefbf00000 - 0x000007fefc0f4000 	C:\windows\WinSxS\amd64_microsoft.windows.common-controls_6595b64144ccf1df_6.0.7601.18837_none_fa3b1e3d17594757\COMCTL32.dll
0x000007feff1c0000 - 0x000007feff231000 	C:\windows\system32\SHLWAPI.dll
0x000007fefdea0000 - 0x000007fefdece000 	C:\windows\system32\IMM32.DLL
0x000007fefd870000 - 0x000007fefd979000 	C:\windows\system32\MSCTF.dll
0x0000000068740000 - 0x0000000068812000 	D:\Java\jdk1.7.0_80\jre\bin\msvcr100.dll
0x00000000547e0000 - 0x0000000054fb9000 	D:\Java\jdk1.7.0_80\jre\bin\server\jvm.dll
0x000007fefbc60000 - 0x000007fefbc69000 	C:\windows\system32\WSOCK32.dll
0x000007fefded0000 - 0x000007fefdf1d000 	C:\windows\system32\WS2_32.dll
0x000007fefdc60000 - 0x000007fefdc68000 	C:\windows\system32\NSI.dll
0x000007fefb220000 - 0x000007fefb25b000 	C:\windows\system32\WINMM.dll
0x0000000077730000 - 0x0000000077737000 	C:\windows\system32\PSAPI.DLL
0x00000000736b0000 - 0x00000000736bf000 	D:\Java\jdk1.7.0_80\jre\bin\verify.dll
0x00000000731d0000 - 0x00000000731f8000 	D:\Java\jdk1.7.0_80\jre\bin\java.dll
0x00000000731b0000 - 0x00000000731c6000 	D:\Java\jdk1.7.0_80\jre\bin\zip.dll
0x000000006eb20000 - 0x000000006eb3a000 	D:\Java\jdk1.7.0_80\jre\bin\net.dll
0x000007fefcc90000 - 0x000007fefcce5000 	C:\windows\system32\mswsock.dll
0x000007fefcc80000 - 0x000007fefcc87000 	C:\windows\System32\wship6.dll
0x000000006eb00000 - 0x000000006eb11000 	D:\Java\jdk1.7.0_80\jre\bin\nio.dll

VM Arguments:
jvm_args: -Djava.awt.headless=true -Xmx1024M -Dfile.encoding=GBK -Duser.country=CN -Duser.language=zh -Duser.variant 
java_command: com.android.dx.command.Main --dex --num-threads=4 --output F:\Confress\LoveWall\app\build\intermediates\pre-dexed\debug\internal_impl-23.2.0_f58c4be9c902988dd29d59d1f136a3ac8710c551.jar F:\Confress\LoveWall\app\build\intermediates\exploded-aar\com.android.support\support-v4\23.2.0\jars\libs\internal_impl-23.2.0.jar
Launcher Type: SUN_STANDARD

Environment Variables:
PATH=C:\windows\system32;C:\windows;C:\windows\System32\Wbem;C:\windows\System32\WindowsPowerShell\v1.0\;C:\Program Files (x86)\Common Files\microsoft shared\TigerKin;C:\Program Files (x86)\Microsoft SQL Server\100\Tools\Binn\;C:\Program Files\Microsoft SQL Server\100\Tools\Binn\;C:\Program Files\Microsoft SQL Server\100\DTS\Binn\;C:\Program Files (x86)\Microsoft SQL Server\100\Tools\Binn\VSShell\Common7\IDE\;C:\Program Files (x86)\Microsoft Visual Studio 9.0\Common7\IDE\PrivateAssemblies\;C:\Program Files (x86)\Microsoft SQL Server\100\DTS\Binn\;E:\adt-bundle-windows-x86_64-20140702\sdk\tools;E:\adt-bundle-windows-x86_64-20140702\sdk\platform-tools;C:\Users\admin\AppData\Local\atom\bin
USERNAME=admin
OS=Windows_NT
PROCESSOR_IDENTIFIER=Intel64 Family 6 Model 60 Stepping 3, GenuineIntel



---------------  S Y S T E M  ---------------

OS: Windows 7 , 64 bit Build 7601 Service Pack 1

CPU:total 4 (4 cores per cpu, 1 threads per core) family 6 model 60 stepping 3, cmov, cx8, fxsr, mmx, sse, sse2, sse3, ssse3, sse4.1, sse4.2, popcnt, avx, avx2, aes, erms, tsc, tscinvbit

Memory: 4k page, physical 8286356k(737712k free), swap 10381672k(18540k free)

vm_info: Java HotSpot(TM) 64-Bit Server VM (24.80-b11) for windows-amd64 JRE (1.7.0_80-b15), built on Apr 10 2015 11:26:34 by "java_re" with unknown MS VC++:1600

time: Mon Mar 07 14:03:04 2016
elapsed time: 2 seconds

